# JRE version: OpenJDK Runtime Environment OpenLogic-OpenJDK (17.0.10+7) (build 17.0.10+7-adhoc..jdk17u)
# Java VM: OpenJDK 64-Bit Server VM OpenLogic-OpenJDK (17.0.10+7-adhoc..jdk17u, mixed mode, sharing, tiered, compressed oops, compressed class ptrs, g1 gc, windows-amd64)
GC Precious Log:
 CPUs: 4 total, 4 available
 Memory: 3895M
 Large Page Support: Disabled
 NUMA Support: Disabled
 Compressed Oops: Enabled (32-bit)
 Heap Region Size: 1M
 Heap Min Capacity: 8M
 Heap Initial Capacity: 62M
 Heap Max Capacity: 974M
 Pre-touch: Disabled
 Parallel Workers: 4
 Concurrent Workers: 1
 Concurrent Refinement Workers: 4
 Periodic GC: Disabled
Heap:
 garbage-first heap   total 497664K, used 103362K [0x00000000c3200000, 0x0000000100000000)
  region size 1024K, 10 young (10240K), 10 survivors (10240K)
 Metaspace       used 64598K, committed 65344K, reserved 1114112K
  class space    used 7078K, committed 7424K, reserved 1048576K
GC Heap History (20 events):
Event: 161.823 GC heap after
{Heap after GC invocations=76 (full 0):
 garbage-first heap   total 368640K, used 96347K [0x00000000c3200000, 0x0000000100000000)
  region size 1024K, 2 young (2048K), 2 survivors (2048K)
 Metaspace       used 64543K, committed 65280K, reserved 1114112K
  class space    used 7078K, committed 7424K, reserved 1048576K
}
Event: 163.939 GC heap before
{Heap before GC invocations=76 (full 0):
 garbage-first heap   total 368640K, used 291931K [0x00000000c3200000, 0x0000000100000000)
  region size 1024K, 193 young (197632K), 2 survivors (2048K)
 Metaspace       used 64547K, committed 65280K, reserved 1114112K
  class space    used 7078K, committed 7424K, reserved 1048576K
}
Event: 163.976 GC heap after
{Heap after GC invocations=77 (full 0):
 garbage-first heap   total 368640K, used 104047K [0x00000000c3200000, 0x0000000100000000)
  region size 1024K, 10 young (10240K), 10 survivors (10240K)
 Metaspace       used 64547K, committed 65280K, reserved 1114112K
  class space    used 7078K, committed 7424K, reserved 1048576K
}
Event: 165.827 GC heap before
{Heap before GC invocations=78 (full 0):
 garbage-first heap   total 368640K, used 295535K [0x00000000c3200000, 0x0000000100000000)
  region size 1024K, 197 young (201728K), 10 survivors (10240K)
 Metaspace       used 64553K, committed 65280K, reserved 1114112K
  class space    used 7078K, committed 7424K, reserved 1048576K
}
Event: 165.848 GC heap after
{Heap after GC invocations=79 (full 0):
 garbage-first heap   total 368640K, used 105981K [0x00000000c3200000, 0x0000000100000000)
  region size 1024K, 12 young (12288K), 12 survivors (12288K)
 Metaspace       used 64553K, committed 65280K, reserved 1114112K
  class space    used 7078K, committed 7424K, reserved 1048576K
}
Event: 165.900 GC heap before
{Heap before GC invocations=79 (full 0):
 garbage-first heap   total 368640K, used 112125K [0x00000000c3200000, 0x0000000100000000)
  region size 1024K, 18 young (18432K), 12 survivors (12288K)
 Metaspace       used 64553K, committed 65280K, reserved 1114112K
  class space    used 7078K, committed 7424K, reserved 1048576K
}
Event: 165.936 GC heap after
{Heap after GC invocations=80 (full 0):
 garbage-first heap   total 368640K, used 94719K [0x00000000c3200000, 0x0000000100000000)
  region size 1024K, 2 young (2048K), 2 survivors (2048K)
 Metaspace       used 64553K, committed 65280K, reserved 1114112K
  class space    used 7078K, committed 7424K, reserved 1048576K
}
Event: 168.088 GC heap before
{Heap before GC invocations=80 (full 0):
 garbage-first heap   total 368640K, used 298495K [0x00000000c3200000, 0x0000000100000000)
  region size 1024K, 201 young (205824K), 2 survivors (2048K)
 Metaspace       used 64573K, committed 65280K, reserved 1114112K
  class space    used 7078K, committed 7424K, reserved 1048576K
}
Event: 168.120 GC heap after
{Heap after GC invocations=81 (full 0):
 garbage-first heap   total 368640K, used 103251K [0x00000000c3200000, 0x0000000100000000)
  region size 1024K, 11 young (11264K), 11 survivors (11264K)
 Metaspace       used 64573K, committed 65280K, reserved 1114112K
  class space    used 7078K, committed 7424K, reserved 1048576K
}
Event: 177.986 GC heap before
{Heap before GC invocations=82 (full 0):
 garbage-first heap   total 368640K, used 299859K [0x00000000c3200000, 0x0000000100000000)
  region size 1024K, 203 young (207872K), 11 survivors (11264K)
 Metaspace       used 64593K, committed 65344K, reserved 1114112K
  class space    used 7078K, committed 7424K, reserved 1048576K
}
Event: 178.012 GC heap after
{Heap after GC invocations=83 (full 0):
 garbage-first heap   total 368640K, used 103776K [0x00000000c3200000, 0x0000000100000000)
  region size 1024K, 11 young (11264K), 11 survivors (11264K)
 Metaspace       used 64593K, committed 65344K, reserved 1114112K
  class space    used 7078K, committed 7424K, reserved 1048576K
}
Event: 178.087 GC heap before
{Heap before GC invocations=83 (full 0):
 garbage-first heap   total 368640K, used 110944K [0x00000000c3200000, 0x0000000100000000)
  region size 1024K, 18 young (18432K), 11 survivors (11264K)
 Metaspace       used 64593K, committed 65344K, reserved 1114112K
  class space    used 7078K, committed 7424K, reserved 1048576K
}
Event: 178.281 GC heap after
{Heap after GC invocations=84 (full 0):
 garbage-first heap   total 368640K, used 94545K [0x00000000c3200000, 0x0000000100000000)
  region size 1024K, 2 young (2048K), 2 survivors (2048K)
 Metaspace       used 64593K, committed 65344K, reserved 1114112K
  class space    used 7078K, committed 7424K, reserved 1048576K
}
Event: 202.022 GC heap before
{Heap before GC invocations=84 (full 0):
 garbage-first heap   total 368640K, used 301393K [0x00000000c3200000, 0x0000000100000000)
  region size 1024K, 204 young (208896K), 2 survivors (2048K)
 Metaspace       used 64596K, committed 65344K, reserved 1114112K
  class space    used 7078K, committed 7424K, reserved 1048576K
}
Event: 202.238 GC heap after
{Heap after GC invocations=85 (full 0):
 garbage-first heap   total 368640K, used 102250K [0x00000000c3200000, 0x0000000100000000)
  region size 1024K, 10 young (10240K), 10 survivors (10240K)
 Metaspace       used 64596K, committed 65344K, reserved 1114112K
  class space    used 7078K, committed 7424K, reserved 1048576K
}
Event: 206.059 GC heap before
{Heap before GC invocations=86 (full 0):
 garbage-first heap   total 368640K, used 270186K [0x00000000c3200000, 0x0000000100000000)
  region size 1024K, 174 young (178176K), 10 survivors (10240K)
 Metaspace       used 64597K, committed 65344K, reserved 1114112K
  class space    used 7078K, committed 7424K, reserved 1048576K
}
Event: 206.115 GC heap after
{Heap after GC invocations=87 (full 0):
 garbage-first heap   total 368640K, used 104833K [0x00000000c3200000, 0x0000000100000000)
  region size 1024K, 12 young (12288K), 12 survivors (12288K)
 Metaspace       used 64597K, committed 65344K, reserved 1114112K
  class space    used 7078K, committed 7424K, reserved 1048576K
}
Event: 206.149 GC heap before
{Heap before GC invocations=87 (full 0):
 garbage-first heap   total 368640K, used 110977K [0x00000000c3200000, 0x0000000100000000)
  region size 1024K, 18 young (18432K), 12 survivors (12288K)
 Metaspace       used 64597K, committed 65344K, reserved 1114112K
  class space    used 7078K, committed 7424K, reserved 1048576K
}
Event: 206.237 GC heap after
{Heap after GC invocations=88 (full 0):
 garbage-first heap   total 368640K, used 95413K [0x00000000c3200000, 0x0000000100000000)
  region size 1024K, 2 young (2048K), 2 survivors (2048K)
 Metaspace       used 64597K, committed 65344K, reserved 1114112K
  class space    used 7078K, committed 7424K, reserved 1048576K
}
Event: 208.023 GC heap before
{Heap before GC invocations=88 (full 0):
 garbage-first heap   total 368640K, used 302261K [0x00000000c3200000, 0x0000000100000000)
  region size 1024K, 204 young (208896K), 2 survivors (2048K)
 Metaspace       used 64598K, committed 65344K, reserved 1114112K
  class space    used 7078K, committed 7424K, reserved 1048576K
}

