# JRE version: OpenJDK Runtime Environment OpenLogic-OpenJDK (17.0.10+7) (build 17.0.10+7-adhoc..jdk17u)
# Java VM: OpenJDK 64-Bit Server VM OpenLogic-OpenJDK (17.0.10+7-adhoc..jdk17u, mixed mode, sharing, tiered, compressed oops, compressed class ptrs, g1 gc, windows-amd64)
GC Precious Log:
 CPUs: 4 total, 4 available
 Memory: 3895M
 Large Page Support: Disabled
 NUMA Support: Disabled
 Compressed Oops: Enabled (32-bit)
 Heap Region Size: 1M
 Heap Min Capacity: 8M
 Heap Initial Capacity: 62M
 Heap Max Capacity: 974M
 Pre-touch: Disabled
 Parallel Workers: 4
 Concurrent Workers: 1
 Concurrent Refinement Workers: 4
 Periodic GC: Disabled
Heap:
 garbage-first heap   total 63488K, used 18723K [0x00000000c3200000, 0x0000000100000000)
  region size 1024K, 5 young (5120K), 4 survivors (4096K)
 Metaspace       used 21882K, committed 22144K, reserved 1114112K
  class space    used 2565K, committed 2688K, reserved 1048576K
GC Heap History (14 events):
Event: 3.192 GC heap before
{Heap before GC invocations=0 (full 0):
 garbage-first heap   total 63488K, used 13312K [0x00000000c3200000, 0x0000000100000000)
  region size 1024K, 13 young (13312K), 0 survivors (0K)
 Metaspace       used 3722K, committed 3840K, reserved 1114112K
  class space    used 376K, committed 448K, reserved 1048576K
}
Event: 3.201 GC heap after
{Heap after GC invocations=1 (full 0):
 garbage-first heap   total 63488K, used 3360K [0x00000000c3200000, 0x0000000100000000)
  region size 1024K, 2 young (2048K), 2 survivors (2048K)
 Metaspace       used 3722K, committed 3840K, reserved 1114112K
  class space    used 376K, committed 448K, reserved 1048576K
}
Event: 4.955 GC heap before
{Heap before GC invocations=1 (full 0):
 garbage-first heap   total 63488K, used 14624K [0x00000000c3200000, 0x0000000100000000)
  region size 1024K, 13 young (13312K), 2 survivors (2048K)
 Metaspace       used 5731K, committed 5888K, reserved 1114112K
  class space    used 673K, committed 768K, reserved 1048576K
}
Event: 4.962 GC heap after
{Heap after GC invocations=2 (full 0):
 garbage-first heap   total 63488K, used 4013K [0x00000000c3200000, 0x0000000100000000)
  region size 1024K, 1 young (1024K), 1 survivors (1024K)
 Metaspace       used 5731K, committed 5888K, reserved 1114112K
  class space    used 673K, committed 768K, reserved 1048576K
}
Event: 6.644 GC heap before
{Heap before GC invocations=2 (full 0):
 garbage-first heap   total 63488K, used 27565K [0x00000000c3200000, 0x0000000100000000)
  region size 1024K, 25 young (25600K), 1 survivors (1024K)
 Metaspace       used 8935K, committed 9152K, reserved 1114112K
  class space    used 1066K, committed 1152K, reserved 1048576K
}
Event: 6.651 GC heap after
{Heap after GC invocations=3 (full 0):
 garbage-first heap   total 63488K, used 4995K [0x00000000c3200000, 0x0000000100000000)
  region size 1024K, 2 young (2048K), 2 survivors (2048K)
 Metaspace       used 8935K, committed 9152K, reserved 1114112K
  class space    used 1066K, committed 1152K, reserved 1048576K
}
Event: 18.425 GC heap before
{Heap before GC invocations=3 (full 0):
 garbage-first heap   total 63488K, used 40835K [0x00000000c3200000, 0x0000000100000000)
  region size 1024K, 37 young (37888K), 2 survivors (2048K)
 Metaspace       used 15049K, committed 15168K, reserved 1114112K
  class space    used 1795K, committed 1856K, reserved 1048576K
}
Event: 18.441 GC heap after
{Heap after GC invocations=4 (full 0):
 garbage-first heap   total 63488K, used 8819K [0x00000000c3200000, 0x0000000100000000)
  region size 1024K, 5 young (5120K), 5 survivors (5120K)
 Metaspace       used 15049K, committed 15168K, reserved 1114112K
  class space    used 1795K, committed 1856K, reserved 1048576K
}
Event: 20.936 GC heap before
{Heap before GC invocations=4 (full 0):
 garbage-first heap   total 63488K, used 41587K [0x00000000c3200000, 0x0000000100000000)
  region size 1024K, 37 young (37888K), 5 survivors (5120K)
 Metaspace       used 15817K, committed 16064K, reserved 1114112K
  class space    used 1867K, committed 1984K, reserved 1048576K
}
Event: 20.959 GC heap after
{Heap after GC invocations=5 (full 0):
 garbage-first heap   total 63488K, used 13207K [0x00000000c3200000, 0x0000000100000000)
  region size 1024K, 5 young (5120K), 5 survivors (5120K)
 Metaspace       used 15817K, committed 16064K, reserved 1114112K
  class space    used 1867K, committed 1984K, reserved 1048576K
}
Event: 22.806 GC heap before
{Heap before GC invocations=5 (full 0):
 garbage-first heap   total 63488K, used 42903K [0x00000000c3200000, 0x0000000100000000)
  region size 1024K, 34 young (34816K), 5 survivors (5120K)
 Metaspace       used 16158K, committed 16384K, reserved 1114112K
  class space    used 1872K, committed 1984K, reserved 1048576K
}
Event: 22.820 GC heap after
{Heap after GC invocations=6 (full 0):
 garbage-first heap   total 63488K, used 15921K [0x00000000c3200000, 0x0000000100000000)
  region size 1024K, 3 young (3072K), 3 survivors (3072K)
 Metaspace       used 16158K, committed 16384K, reserved 1114112K
  class space    used 1872K, committed 1984K, reserved 1048576K
}
Event: 24.302 GC heap before
{Heap before GC invocations=6 (full 0):
 garbage-first heap   total 63488K, used 45617K [0x00000000c3200000, 0x0000000100000000)
  region size 1024K, 32 young (32768K), 3 survivors (3072K)
 Metaspace       used 16618K, committed 16896K, reserved 1114112K
  class space    used 1891K, committed 2048K, reserved 1048576K
}
Event: 24.310 GC heap after
{Heap after GC invocations=7 (full 0):
 garbage-first heap   total 63488K, used 17408K [0x00000000c3200000, 0x0000000100000000)
  region size 1024K, 2 young (2048K), 2 survivors (2048K)
 Metaspace       used 16618K, committed 16896K, reserved 1114112K
  class space    used 1891K, committed 2048K, reserved 1048576K
}

